-------------------------------------------------------------------------------
Test set: FailingTest
-------------------------------------------------------------------------------
Tests run: 1, Failures: 1, Errors: 0, Skipped: 0, Time elapsed: 0.029 sec <<< FAILURE! - in FailingTest
FailingTest(FailingTest)  Time elapsed: 0.029 sec  <<< FAILURE!
java.lang.AssertionError: null
	at org.junit.Assert.fail(Assert.java:86)
	at org.junit.Assert.fail(Assert.java:95)
	at FailingTest.FailingTest(FailingTest.java:7)

